May 11, 2025 12:57:51 AM com.google.cloud.datastore.emulator.firestore.websocket.WebSocketServer start
INFO: Started WebSocket server on ws://127.0.0.1:9150
API endpoint: http://127.0.0.1:8080
If you are using a library that supports the FIRESTORE_EMULATOR_HOST environment variable, run:

   export FIRESTORE_EMULATOR_HOST=127.0.0.1:8080

If you are running a Firestore in Datastore Mode project, run:

   export DATASTORE_EMULATOR_HOST=127.0.0.1:8080

Note: Support for Datastore Mode is in preview. If you encounter any bugs please file at https://github.com/firebase/firebase-tools/issues.
Dev App Server is now running.

May 11, 2025 12:58:31 AM com.google.cloud.datastore.emulator.firestore.websocket.WebSocketChannelHandler initChannel
INFO: Connected to new websocket client
May 11, 2025 12:58:50 AM com.google.cloud.datastore.emulator.firestore.websocket.WebSocketChannelHandler channelClosed
INFO: Websocket client disconnected
May 11, 2025 12:58:50 AM com.google.cloud.datastore.emulator.firestore.websocket.WebSocketChannelHandler initChannel
INFO: Connected to new websocket client
May 11, 2025 1:13:55 AM io.gapi.emulators.netty.HttpVersionRoutingHandler channelRead
INFO: Detected non-HTTP/2 connection.
May 11, 2025 1:13:55 AM io.gapi.emulators.netty.HttpVersionRoutingHandler channelRead
INFO: Detected HTTP/2 connection.
May 11, 2025 1:15:50 AM com.google.cloud.datastore.emulator.firestore.websocket.WebSocketChannelHandler channelClosed
INFO: Websocket client disconnected
May 11, 2025 1:32:26 AM com.google.cloud.datastore.emulator.firestore.websocket.WebSocketChannelHandler initChannel
INFO: Connected to new websocket client
May 11, 2025 9:47:57 AM io.gapi.emulators.netty.HttpVersionRoutingHandler channelRead
INFO: Detected non-HTTP/2 connection.
May 11, 2025 9:47:57 AM io.gapi.emulators.netty.HttpVersionRoutingHandler channelRead
INFO: Detected HTTP/2 connection.
May 11, 2025 9:57:39 AM com.google.cloud.datastore.emulator.firestore.websocket.WebSocketChannelHandler channelClosed
INFO: Websocket client disconnected
May 11, 2025 9:58:44 AM com.google.cloud.datastore.emulator.firestore.websocket.WebSocketChannelHandler initChannel
INFO: Connected to new websocket client
May 12, 2025 12:21:34 AM io.gapi.emulators.netty.HttpVersionRoutingHandler channelRead
INFO: Detected non-HTTP/2 connection.
May 12, 2025 12:21:34 AM io.gapi.emulators.netty.NotFoundHandler handleRequest
INFO: Unknown request URI: /api/question/calcAB?type=multiple-choice
May 12, 2025 12:25:27 AM io.gapi.emulators.netty.NotFoundHandler handleRequest
INFO: Unknown request URI: /api/question-history
May 12, 2025 12:25:27 AM io.gapi.emulators.netty.NotFoundHandler handleRequest
INFO: Unknown request URI: /api/question-history
May 12, 2025 12:29:30 AM io.gapi.emulators.netty.NotFoundHandler handleRequest
INFO: Unknown request URI: /api/question-history
May 12, 2025 12:29:30 AM io.gapi.emulators.netty.NotFoundHandler handleRequest
INFO: Unknown request URI: /api/question-history
*** shutting down gRPC server since JVM is shutting down
*** server shut down
